<?xml version="1.0" encoding="UTF-8"?>
<testsuite name="FactorialTest" tests="1" skipped="0" failures="0" errors="0" timestamp="2021-09-21T07:36:34" hostname="NBOKUNICKI" time="0.048">
  <properties/>
  <testcase name="checkFactorial()" classname="FactorialTest" time="0.048"/>
  <system-out><![CDATA[]]></system-out>
  <system-err><![CDATA[]]></system-err>
</testsuite>
